#
# A fatal error has been detected by the Java Runtime Environment:
#
#  EXCEPTION_ACCESS_VIOLATION (0xc0000005) at pc=0x00007ff9a6434be6, pid=22068, tid=24112
#
# JRE version: OpenJDK Runtime Environment Temurin-17.0.11+9 (17.0.11+9) (build 17.0.11+9)
# Java VM: OpenJDK 64-Bit Server VM Temurin-17.0.11+9 (17.0.11+9, mixed mode, tiered, compressed oops, compressed class ptrs, parallel gc, windows-amd64)
# Problematic frame:
# V  [jvm.dll+0x634be6]
#
# No core dump will be written. Minidumps are not enabled by default on client versions of Windows
#
# If you would like to submit a bug report, please visit:
#   https://github.com/adoptium/adoptium-support/issues
#

---------------  S U M M A R Y ------------

Command Line: --add-modules=ALL-SYSTEM --add-opens=java.base/java.util=ALL-UNNAMED --add-opens=java.base/java.lang=ALL-UNNAMED --add-opens=java.base/sun.nio.fs=ALL-UNNAMED -Declipse.application=org.eclipse.jdt.ls.core.id1 -Dosgi.bundles.defaultStartLevel=4 -Declipse.product=org.eclipse.jdt.ls.core.product -Djava.import.generatesMetadataFilesAtProjectRoot=false -DDetectVMInstallationsJob.disabled=true -Dfile.encoding=utf8 -XX:+UseParallelGC -XX:GCTimeRatio=4 -XX:AdaptiveSizePolicyWeight=90 -Dsun.zip.disableMemoryMapping=true -Xmx1G -Xms100m -Xlog:disable -javaagent:c:\Users\Nekena\.vscode\extensions\redhat.java-1.31.0-win32-x64\lombok\lombok-1.18.32.jar -XX:+HeapDumpOnOutOfMemoryError -XX:HeapDumpPath=c:\Users\Nekena\AppData\Roaming\Code\User\workspaceStorage\90686fb5aff7ba2a87b5ae9aeff639ff\redhat.java -Daether.dependencyCollector.impl=bf c:\Users\Nekena\.vscode\extensions\redhat.java-1.31.0-win32-x64\server\plugins\org.eclipse.equinox.launcher_1.6.800.v20240513-1750.jar -configuration c:\Users\Nekena\AppData\Roaming\Code\User\globalStorage\redhat.java\1.31.0\config_win -data c:\Users\Nekena\AppData\Roaming\Code\User\workspaceStorage\90686fb5aff7ba2a87b5ae9aeff639ff\redhat.java\jdt_ws --pipe=\\.\pipe\lsp-eb5d9673f3006c53781b6568c0f9b222-sock

Host: Intel(R) Core(TM) i5-4200H CPU @ 2.80GHz, 4 cores, 7G,  Windows 10 , 64 bit Build 19041 (10.0.19041.3636)
Time: Fri Jun  7 14:04:58 2024 Paris, Madrid (heure duild 19041 (10.0.19041.3636) elapsed time: 19179.554480 seconds (0d 5h 19m 39s)

---------------  T H R E A D  ---------------

Current thread (0x0000022053aac910):  VMThread "VM Thread" [stack: 0x000000d647100000,0x000000d647200000] [id=24112]

Stack: [0x000000d647100000,0x000000d647200000],  sp=0x000000d6471fe5c0,  free space=1017k
Native frames: (J=compiled Java code, j=interpreted, Vv=VM code, C=native code)
V  [jvm.dll+0x634be6]
V  [jvm.dll+0x634aa0]
V  [jvm.dll+0x36f778]
V  [jvm.dll+0x5405bc]
V  [jvm.dll+0x6b77d1]
V  [jvm.dll+0x6b6876]
V  [jvm.dll+0x6bd031]
V  [jvm.dll+0x688753]
V  [jvm.dll+0x6be704]
V  [jvm.dll+0x83b19b]
V  [jvm.dll+0x83bed2]
V  [jvm.dll+0x83c3ed]
V  [jvm.dll+0x83c7c4]
V  [jvm.dll+0x83c890]
V  [jvm.dll+0x7e410a]
V  [jvm.dll+0x67c315]
C  [ucrtbase.dll+0x21bb2]
C  [KERNEL32.DLL+0x17344]
C  [ntdll.dll+0x526b1]


siginfo: EXCEPTION_ACCESS_VIOLATION (0xc0000005), reading address 0xffffffffffffffff


Registers:
RAX=0x00000220682fa318, RBX=0x000002206c38c2f0, RCX=0x956affb0956affb0, RDX=0x0000000000000000
RSP=0x000000d6471fe5c0, RBP=0x0000000000000000, RSI=0x0000000000000004, RDI=0x0000000000000001
R8 =0x0000000000000000, R9 =0x0000000000000000, R10=0x0000000000000000, R11=0x000000d6471fe580
R12=0x000002203dcde8d0, R13=0x000002203dcdeca8, R14=0x0000000000000000, R15=0x000002203dcde8c0
RIP=0x00007ff9a6434be6, EFLAGS=0x0000000000010246


Register to memory mapping:

RIP=0x00007ff9a6434be6 jvm.dll
RAX=0x00000220682fa318 is pointing into metadata
RBX=0x000002206c38c2f0 points into unknown readable memory: 0x00007ff9a6732408 | 08 24 73 a6 f9 7f 00 00
RCX=0x956affb0956affb0 is an unknown value
RDX=0x0 is NULL
RSP=0x000000d6471fe5c0 points into unknown readable memory: 0x00000220682fa318 | 18 a3 2f 68 20 02 00 00
RBP=0x0 is NULL
RSI=0x0000000000000004 is an unknown value
RDI=0x0000000000000001 is an unknown value
R8 =0x0 is NULL
R9 =0x0 is NULL
R10=0x0 is NULL
R11=0x000000d6471fe580 points into unknown readable memory: 0x000002203dcde8c0 | c0 e8 cd 3d 20 02 00 00
R12=0x000002203dcde8d0 points into unknown readable memory: 0x00007ff9a6732188 | 88 21 73 a6 f9 7f 00 00
R13=0x000002203dcdeca8 points into unknown readable memory: 0x1000e4bbdf516bf1 | f1 6b 51 df bb e4 00 10
R14=0x0 is NULL
R15=0x000002203dcde8c0 points into unknown readable memory: 0x000002206c38be60 | 60 be 38 6c 20 02 00 00


Top of Stack: (sp=0x000000d6471fe5c0)
0x000000d6471fe5c0:   00000220682fa318 00000220682f8ca0
0x000000d6471fe5d0:   00000220682f8ca0 0000000000000000
0x000000d6471fe5e0:   0000000000000000 00007ff9a6434aa0
0x000000d6471fe5f0:   00000220682f8ca0 0000000000001640
0x000000d6471fe600:   0000022053a02ef0 000002206c38c2f0
0x000000d6471fe610:   00007ff9a679f728 00007ff9a5ff6100
0x000000d6471fe620:   00007ff9a678ea50 0000000000000018
0x000000d6471fe630:   00007ff9a673def0 00007ff9a6979c40
0x000000d6471fe640:   0000000000000003 00007ff9a616f778
0x000000d6471fe650:   00000000000003d8 00000220682f8ca0
0x000000d6471fe660:   00000001007ee7c0 0000000000000001
0x000000d6471fe670:   0000000000000000 00000001007ee590
0x000000d6471fe680:   0000000000000001 000000d6471fe718
0x000000d6471fe690:   00000001007ee7c0 00007ff9a63405bc
0x000000d6471fe6a0:   00000001007ee7c0 000000d6471fe718
0x000000d6471fe6b0:   0000000000000001 00007ff900000002
0x000000d6471fe6c0:   00007ff9a678ea50 00000000000001fe
0x000000d6471fe6d0:   ffffffffffffff00 0000000000000004
0x000000d6471fe6e0:   000000000000008a 0000000000000000
0x000000d6471fe6f0:   0000000000000000 000002205a491310
0x000000d6471fe700:   0000000000000000 000000d6471fe6e8
0x000000d6471fe710:   00007ff9a6979cb0 0000000000000000
0x000000d6471fe720:   000000d6471fe830 00007ff9a64b77d1
0x000000d6471fe730:   0000000000000001 00007ff9a673df08
0x000000d6471fe740:   00007ff9a692c810 0000000000000000
0x000000d6471fe750:   0000002ca7b70f81 0000248cef7e0932
0x000000d6471fe760:   0000002c00000002 00007ff9a6979cb0
0x000000d6471fe770:   0000000000000002 00007ff9a6979c40
0x000000d6471fe780:   00007ff9a673def0 0000000000000000
0x000000d6471fe790:   00007ff9a67b1c90 000000000000000d
0x000000d6471fe7a0:   0000000000000002 00007ff9a6979c40
0x000000d6471fe7b0:   0000022000000002 00007ff9a6979cb0 

Instructions: (pc=0x00007ff9a6434be6)
0x00007ff9a6434ae6:   48 8d 8e 08 01 00 00 48 03 c8 e8 ab 0b 00 00 48
0x00007ff9a6434af6:   8b c8 48 8b d8 48 8b 10 ff 52 68 33 c9 84 c0 48
0x00007ff9a6434b06:   0f 45 cb 48 85 c9 74 0d 48 8b 01 41 0f b6 d6 ff
0x00007ff9a6434b16:   90 80 00 00 00 48 8d 05 06 ac 36 00 44 88 74 24
0x00007ff9a6434b26:   28 48 8d 54 24 20 48 89 44 24 20 48 8b ce e8 a7
0x00007ff9a6434b36:   fc ff ff 49 83 3f 00 74 13 48 8b d7 48 8b cd e8
0x00007ff9a6434b46:   56 82 a7 ff 49 8b cf e8 2e 82 a7 ff 4c 39 65 18
0x00007ff9a6434b56:   74 0c 4c 89 7d 10 4c 89 65 18 4c 89 6d 20 48 8b
0x00007ff9a6434b66:   5c 24 68 48 8b 6c 24 70 48 8b 74 24 78 48 83 c4
0x00007ff9a6434b76:   30 41 5f 41 5e 41 5d 41 5c 5f c3 cc cc cc cc cc
0x00007ff9a6434b86:   cc cc cc cc cc cc cc cc cc cc 48 89 5c 24 10 48
0x00007ff9a6434b96:   89 6c 24 18 48 89 7c 24 20 41 56 48 83 ec 20 45
0x00007ff9a6434ba6:   33 f6 0f b6 ea 44 39 35 9e 3f 4e 00 48 8b d9 41
0x00007ff9a6434bb6:   8b fe 0f 86 80 00 00 00 48 89 74 24 30 be 02 00
0x00007ff9a6434bc6:   00 00 0f 1f 84 00 00 00 00 00 48 8b 43 08 48 63
0x00007ff9a6434bd6:   ce 48 8b 4c c8 08 48 85 c9 74 4b 40 84 ed 75 10
0x00007ff9a6434be6:   48 8b 89 98 00 00 00 e8 8e 15 bc ff 84 c0 75 36
0x00007ff9a6434bf6:   48 8b 43 08 4c 89 70 08 48 63 c7 48 8d 0c 00 48
0x00007ff9a6434c06:   8b 43 08 4c 89 74 c8 18 48 8b 43 08 4c 89 74 c8
0x00007ff9a6434c16:   20 48 8b cb 48 8b 03 ff 50 28 84 c0 75 08 48 8b
0x00007ff9a6434c26:   43 08 4c 89 70 10 ff c7 83 c6 02 3b 3d 19 3f 4e
0x00007ff9a6434c36:   00 72 97 48 8b 74 24 30 48 8b 5c 24 38 48 8b 6c
0x00007ff9a6434c46:   24 40 48 8b 7c 24 48 48 83 c4 20 41 5e c3 cc cc
0x00007ff9a6434c56:   cc cc cc cc cc cc cc cc cc cc 48 89 5c 24 08 57
0x00007ff9a6434c66:   48 83 ec 20 48 8b 01 48 8b f9 4c 63 49 08 4c 8b
0x00007ff9a6434c76:   40 08 4b 8b 5c c8 08 48 8b cb 48 83 e1 fc 74 27
0x00007ff9a6434c86:   84 d2 75 10 48 8b 89 98 00 00 00 e8 ea 14 bc ff
0x00007ff9a6434c96:   84 c0 75 13 48 8b 07 83 e3 03 48 63 57 08 48 8b
0x00007ff9a6434ca6:   48 08 48 89 5c d1 08 48 8b 5c 24 30 48 83 c4 20
0x00007ff9a6434cb6:   5f c3 cc cc cc cc cc cc cc cc 48 89 5c 24 18 48
0x00007ff9a6434cc6:   89 7c 24 20 41 56 48 83 ec 20 33 db 44 0f b6 f2
0x00007ff9a6434cd6:   48 8b f9 39 59 10 7e 6f 48 89 6c 24 30 48 89 74 


Stack slot to memory mapping:
stack at sp + 0 slots: 0x00000220682fa318 is pointing into metadata
stack at sp + 1 slots: 0x00000220682f8ca0 is pointing into metadata
stack at sp + 2 slots: 0x00000220682f8ca0 is pointing into metadata
stack at sp + 3 slots: 0x0 is NULL
stack at sp + 4 slots: 0x0 is NULL
stack at sp + 5 slots: 0x00007ff9a6434aa0 jvm.dll
stack at sp + 6 slots: 0x00000220682f8ca0 is pointing into metadata
stack at sp + 7 slots: 0x0000000000001640 is an unknown value

VM_Operation (0x000000d6474fd6e0): ParallelGCFailedAllocation, mode: safepoint, requested by thread 0x000002205a57f0e0


---------------  P R O C E S S  ---------------

Threads class SMR info:
_java_thread_list=0x0000022066291870, length=34, elements={
0x000002203f4f93d0, 0x0000022053ac3740, 0x0000022053ac50d0, 0x0000022058cfb140,
0x0000022058cfe2c0, 0x0000022058cfef60, 0x0000022058d004e0, 0x0000022053ad8d50,
0x0000022053ada1d0, 0x0000022053adb2c0, 0x0000022058d6bb70, 0x0000022058f283b0,
0x0000022059222660, 0x00000220596c3540, 0x0000022059ac5050, 0x0000022059b54ad0,
0x0000022059dbfed0, 0x0000022059f28ec0, 0x0000022059f293d0, 0x0000022059f2a810,
0x0000022059d9fb90, 0x0000022059da05b0, 0x0000022059d9c3e0, 0x0000022059d9dd30,
0x0000022059da00a0, 0x0000022059d9ce00, 0x0000022059da0ac0, 0x0000022059da19f0,
0x0000022059d9d820, 0x000002205a57e1b0, 0x000002205a57c350, 0x000002205a57ebd0,
0x000002205a579fe0, 0x000002205a57f0e0
}

Java Threads: ( => current thread )
  0x000002203f4f93d0 JavaThread "main" [_thread_blocked, id=23512, stack(0x000000d646f00000,0x000000d647000000)]
  0x0000022053ac3740 JavaThread "Reference Handler" daemon [_thread_blocked, id=17916, stack(0x000000d647200000,0x000000d647300000)]
  0x0000022053ac50d0 JavaThread "Finalizer" daemon [_thread_blocked, id=24752, stack(0x000000d647300000,0x000000d647400000)]
  0x0000022058cfb140 JavaThread "Signal Dispatcher" daemon [_thread_blocked, id=26644, stack(0x000000d647500000,0x000000d647600000)]
  0x0000022058cfe2c0 JavaThread "Attach Listener" daemon [_thread_blocked, id=22856, stack(0x000000d647600000,0x000000d647700000)]
  0x0000022058cfef60 JavaThread "Service Thread" daemon [_thread_blocked, id=16520, stack(0x000000d647700000,0x000000d647800000)]
  0x0000022058d004e0 JavaThread "Monitor Deflation Thread" daemon [_thread_blocked, id=4856, stack(0x000000d647800000,0x000000d647900000)]
  0x0000022053ad8d50 JavaThread "C2 CompilerThread0" daemon [_thread_blocked, id=20812, stack(0x000000d647900000,0x000000d647a00000)]
  0x0000022053ada1d0 JavaThread "C1 CompilerThread0" daemon [_thread_blocked, id=20028, stack(0x000000d647a00000,0x000000d647b00000)]
  0x0000022053adb2c0 JavaThread "Sweeper thread" daemon [_thread_blocked, id=8376, stack(0x000000d647b00000,0x000000d647c00000)]
  0x0000022058d6bb70 JavaThread "Common-Cleaner" daemon [_thread_blocked, id=18340, stack(0x000000d647c00000,0x000000d647d00000)]
  0x0000022058f283b0 JavaThread "Notification Thread" daemon [_thread_blocked, id=20048, stack(0x000000d647d00000,0x000000d647e00000)]
  0x0000022059222660 JavaThread "Active Thread: Equinox Container: 642c2561-f060-43a9-b376-a543dddff4d6" [_thread_blocked, id=7468, stack(0x000000d648300000,0x000000d648400000)]
  0x00000220596c3540 JavaThread "Framework Event Dispatcher: Equinox Container: 642c2561-f060-43a9-b376-a543dddff4d6" daemon [_thread_blocked, id=8636, stack(0x000000d648400000,0x000000d648500000)]
  0x0000022059ac5050 JavaThread "Start Level: Equinox Container: 642c2561-f060-43a9-b376-a543dddff4d6" daemon [_thread_blocked, id=26936, stack(0x000000d648500000,0x000000d648600000)]
  0x0000022059b54ad0 JavaThread "Bundle File Closer" daemon [_thread_blocked, id=12896, stack(0x000000d648600000,0x000000d648700000)]
  0x0000022059dbfed0 JavaThread "SCR Component Actor" daemon [_thread_blocked, id=22220, stack(0x000000d648700000,0x000000d648800000)]
  0x0000022059f28ec0 JavaThread "Worker-JM" [_thread_blocked, id=6228, stack(0x000000d648900000,0x000000d648a00000)]
  0x0000022059f293d0 JavaThread "Java indexing" daemon [_thread_blocked, id=25020, stack(0x000000d648c00000,0x000000d648d00000)]
  0x0000022059f2a810 JavaThread "JNA Cleaner" daemon [_thread_blocked, id=8412, stack(0x000000d648e00000,0x000000d648f00000)]
  0x0000022059d9fb90 JavaThread "Thread-2" daemon [_thread_in_native, id=25964, stack(0x000000d649100000,0x000000d649200000)]
  0x0000022059da05b0 JavaThread "Thread-3" daemon [_thread_blocked, id=1076, stack(0x000000d649200000,0x000000d649300000)]
  0x0000022059d9c3e0 JavaThread "Thread-4" daemon [_thread_in_native, id=12028, stack(0x000000d649300000,0x000000d649400000)]
  0x0000022059d9dd30 JavaThread "Thread-5" daemon [_thread_in_native, id=26172, stack(0x000000d649400000,0x000000d649500000)]
  0x0000022059da00a0 JavaThread "Thread-6" daemon [_thread_in_native, id=18896, stack(0x000000d649500000,0x000000d649600000)]
  0x0000022059d9ce00 JavaThread "pool-2-thread-1" [_thread_blocked, id=25868, stack(0x000000d649600000,0x000000d649700000)]
  0x0000022059da0ac0 JavaThread "WorkspaceEventsHandler" [_thread_blocked, id=16444, stack(0x000000d649700000,0x000000d649800000)]
  0x0000022059da19f0 JavaThread "pool-1-thread-1" [_thread_blocked, id=8604, stack(0x000000d649800000,0x000000d649900000)]
  0x0000022059d9d820 JavaThread "Cleaner-0" daemon [_thread_blocked, id=23500, stack(0x000000d649d00000,0x000000d649e00000)]
  0x000002205a57e1b0 JavaThread "Worker-67" [_thread_blocked, id=15808, stack(0x000000d648f00000,0x000000d649000000)]
  0x000002205a57c350 JavaThread "Worker-69" [_thread_blocked, id=10352, stack(0x000000d649000000,0x000000d649100000)]
  0x000002205a57ebd0 JavaThread "ForkJoinPool.commonPool-worker-73" daemon [_thread_blocked, id=25648, stack(0x000000d646d00000,0x000000d646e00000)]
  0x000002205a579fe0 JavaThread "ForkJoinPool.commonPool-worker-74" daemon [_thread_blocked, id=8200, stack(0x000000d646e00000,0x000000d646f00000)]
  0x000002205a57f0e0 JavaThread "ForkJoinPool.commonPool-worker-75" daemon [_thread_blocked, id=6484, stack(0x000000d647400000,0x000000d647500000)]

Other Threads:
=>0x0000022053aac910 VMThread "VM Thread" [stack: 0x000000d647100000,0x000000d647200000] [id=24112]
  0x0000022059034910 WatcherThread [stack: 0x000000d647e00000,0x000000d647f00000] [id=12676]
  0x000002203f50d6e0 GCTaskThread "GC Thread#0" [stack: 0x000000d647000000,0x000000d647100000] [id=19104]
  0x0000022059476380 GCTaskThread "GC Thread#1" [stack: 0x000000d647f00000,0x000000d648000000] [id=23340]
  0x00000220593e64b0 GCTaskThread "GC Thread#2" [stack: 0x000000d648000000,0x000000d648100000] [id=22556]
  0x00000220593e6770 GCTaskThread "GC Thread#3" [stack: 0x000000d648100000,0x000000d648200000] [id=27220]

Threads with active compile tasks:
C2 CompilerThread0  19179693 35354  s!   4       org.eclipse.jdt.internal.core.SourceMapper::computeAllRootPaths (1233 bytes)

VM state: at safepoint (normal execution)

VM Mutex/Monitor currently owned by a thread:  ([mutex/lock_event])
[0x000002203f4f3210] Threads_lock - owner thread: 0x0000022053aac910
[0x000002203f4f3ba0] Heap_lock - owner thread: 0x000002205a57f0e0

Heap address: 0x00000000c0000000, size: 1024 MB, Compressed Oops mode: 32-bit

CDS archive(s) not mapped
Compressed class space mapped at: 0x0000000100000000-0x0000000140000000, reserved size: 1073741824
Narrow klass base: 0x0000000000000000, Narrow klass shift: 3, Narrow klass range: 0x140000000

GC Precious Log:
 CPUs: 4 total, 4 available
 Memory: 8081M
 Large Page Support: Disabled
 NUMA Support: Disabled
 Compressed Oops: Enabled (32-bit)
 Alignments: Space 512K, Generation 512K, Heap 2M
 Heap Min Capacity: 100M
 Heap Initial Capacity: 100M
 Heap Max Capacity: 1G
 Pre-touch: Disabled
 Parallel Workers: 4

Heap:
 PSYoungGen      total 4096K, used 512K [0x00000000eab00000, 0x00000000eba00000, 0x0000000100000000)
  eden space 3584K, 0% used [0x00000000eab00000,0x00000000eab00000,0x00000000eae80000)
  from space 512K, 100% used [0x00000000eb400000,0x00000000eb480000,0x00000000eb480000)
  to   space 5632K, 0% used [0x00000000eae80000,0x00000000eae80000,0x00000000eb400000)
 ParOldGen       total 422400K, used 421964K [0x00000000c0000000, 0x00000000d9c80000, 0x00000000eab00000)
  object space 422400K, 99% used [0x00000000c0000000,0x00000000d9c13290,0x00000000d9c80000)
 Metaspace       used 104345K, committed 105728K, reserved 1179648K
  class space    used 9930K, committed 10560K, reserved 1048576K

Card table byte_map: [0x0000022051360000,0x0000022051570000] _byte_map_base: 0x0000022050d60000

Marking Bits: (ParMarkBitMap*) 0x00007ff9a699d820
 Begin Bits: [0x00000220516d0000, 0x00000220526d0000)
 End Bits:   [0x00000220526d0000, 0x00000220536d0000)

Polling page: 0x000002203dbc0000

Metaspace:

Usage:
  Non-class:     92.20 MB used.
      Class:      9.70 MB used.
       Both:    101.90 MB used.

Virtual space:
  Non-class space:      128.00 MB reserved,      92.94 MB ( 73%) committed,  2 nodes.
      Class space:        1.00 GB reserved,      10.31 MB (  1%) committed,  1 nodes.
             Both:        1.12 GB reserved,     103.25 MB (  9%) committed. 

Chunk freelists:
   Non-Class:  2.35 MB
       Class:  5.57 MB
        Both:  7.92 MB

MaxMetaspaceSize: unlimited
CompressedClassSpaceSize: 1.00 GB
Initial GC threshold: 21.00 MB
Current GC threshold: 171.88 MB
CDS: off
MetaspaceReclaimPolicy: balanced
 - commit_granule_bytes: 65536.
 - commit_granule_words: 8192.
 - virtual_space_node_default_size: 8388608.
 - enlarge_chunks_in_place: 1.
 - new_chunks_are_fully_committed: 0.
 - uncommit_free_chunks: 1.
 - use_allocation_guard: 0.
 - handle_deallocations: 1.


Internal statistics:

num_allocs_failed_limit: 9.
num_arena_births: 1684.
num_arena_deaths: 688.
num_vsnodes_births: 3.
num_vsnodes_deaths: 0.
num_space_committed: 1652.
num_space_uncommitted: 0.
num_chunks_returned_to_freelist: 861.
num_chunks_taken_from_freelist: 6761.
num_chunk_merges: 292.
num_chunk_splits: 3760.
num_chunks_enlarged: 1868.
num_inconsistent_stats: 0.

CodeHeap 'non-profiled nmethods': size=120000Kb used=37823Kb max_used=37823Kb free=82176Kb
 bounds [0x0000022049c40000, 0x000002204c160000, 0x0000022051170000]
CodeHeap 'profiled nmethods': size=120000Kb used=50347Kb max_used=50932Kb free=69652Kb
 bounds [0x0000022042170000, 0x0000022045350000, 0x00000220496a0000]
CodeHeap 'non-nmethods': size=5760Kb used=1469Kb max_used=1556Kb free=4290Kb
 bounds [0x00000220496a0000, 0x0000022049910000, 0x0000022049c40000]
 total_blobs=24952 nmethods=24128 adapters=729
 compilation: enabled
              stopped_count=0, restarted_count=0
 full_count=0

Compilation events (20 events):
Event: 11685.410 Thread 0x0000022053ada1d0 nmethod 35344 0x0000022043e6c990 code [0x0000022043e6cb60, 0x0000022043e6cf98]
Event: 17307.682 Thread 0x0000022053ad8d50 35345       4       java.util.concurrent.ScheduledThreadPoolExecutor::canRunInCurrentRunState (61 bytes)
Event: 17307.700 Thread 0x0000022053ad8d50 nmethod 35345 0x000002204abee210 code [0x000002204abee380, 0x000002204abee438]
Event: 19165.917 Thread 0x0000022053ad8d50 35346       4       java.lang.String::concat (15 bytes)
Event: 19166.009 Thread 0x0000022053ad8d50 nmethod 35346 0x000002204b843390 code [0x000002204b843560, 0x000002204b843d78]
Event: 19171.208 Thread 0x0000022053ad8d50 35347 %     4       org.eclipse.jdt.core.dom.ASTNode::getRoot @ 2 (18 bytes)
Event: 19171.210 Thread 0x0000022053ad8d50 nmethod 35347% 0x000002204abede90 code [0x000002204abee000, 0x000002204abee0f8]
Event: 19178.116 Thread 0x0000022053ad8d50 35348       4       org.eclipse.jdt.internal.core.Buffer::isClosed (13 bytes)
Event: 19178.117 Thread 0x0000022053ad8d50 nmethod 35348 0x000002204abeda90 code [0x000002204abedc00, 0x000002204abedc98]
Event: 19178.175 Thread 0x0000022053ad8d50 35349       4       org.eclipse.jdt.core.Signature::getTypeArguments (201 bytes)
Event: 19178.283 Thread 0x0000022053ad8d50 nmethod 35349 0x000002204b0daa90 code [0x000002204b0dad20, 0x000002204b0dc748]
Event: 19178.327 Thread 0x0000022053ad8d50 35350       4       org.eclipse.jdt.internal.compiler.ast.ConstructorDeclaration::partitionConstructorStatements (174 bytes)
Event: 19178.339 Thread 0x0000022053ad8d50 nmethod 35350 0x000002204bd43090 code [0x000002204bd43220, 0x000002204bd43318]
Event: 19178.416 Thread 0x0000022053ad8d50 35351       4       org.eclipse.jdt.core.dom.ASTVisitor::endVisit (1 bytes)
Event: 19178.416 Thread 0x0000022053ad8d50 nmethod 35351 0x000002204bd42d90 code [0x000002204bd42f00, 0x000002204bd42f78]
Event: 19178.462 Thread 0x0000022053ada1d0 35352       3       org.eclipse.jdt.internal.compiler.codegen.CodeStream::checkcast (8 bytes)
Event: 19178.464 Thread 0x0000022053ad8d50 35353       4       java.util.DualPivotQuicksort::insertionSort (68 bytes)
Event: 19178.465 Thread 0x0000022053ada1d0 nmethod 35352 0x0000022044e78390 code [0x0000022044e78540, 0x0000022044e78708]
Event: 19178.467 Thread 0x0000022053ad8d50 nmethod 35353 0x000002204bd42690 code [0x000002204bd42800, 0x000002204bd429b8]
Event: 19178.765 Thread 0x0000022053ad8d50 35354  s!   4       org.eclipse.jdt.internal.core.SourceMapper::computeAllRootPaths (1233 bytes)

GC Heap History (20 events):
Event: 19178.231 GC heap after
{Heap after GC invocations=18952 (full 345):
 PSYoungGen      total 6656K, used 1204K [0x00000000eab00000, 0x00000000eb600000, 0x0000000100000000)
  eden space 4096K, 0% used [0x00000000eab00000,0x00000000eab00000,0x00000000eaf00000)
  from space 2560K, 47% used [0x00000000eb180000,0x00000000eb2ad220,0x00000000eb400000)
  to   space 1536K, 0% used [0x00000000eb480000,0x00000000eb480000,0x00000000eb600000)
 ParOldGen       total 421888K, used 412400K [0x00000000c0000000, 0x00000000d9c00000, 0x00000000eab00000)
  object space 421888K, 97% used [0x00000000c0000000,0x00000000d92bc350,0x00000000d9c00000)
 Metaspace       used 104345K, committed 105728K, reserved 1179648K
  class space    used 9930K, committed 10560K, reserved 1048576K
}
Event: 19178.249 GC heap before
{Heap before GC invocations=18953 (full 345):
 PSYoungGen      total 6656K, used 5300K [0x00000000eab00000, 0x00000000eb600000, 0x0000000100000000)
  eden space 4096K, 100% used [0x00000000eab00000,0x00000000eaf00000,0x00000000eaf00000)
  from space 2560K, 47% used [0x00000000eb180000,0x00000000eb2ad220,0x00000000eb400000)
  to   space 1536K, 0% used [0x00000000eb480000,0x00000000eb480000,0x00000000eb600000)
 ParOldGen       total 421888K, used 412400K [0x00000000c0000000, 0x00000000d9c00000, 0x00000000eab00000)
  object space 421888K, 97% used [0x00000000c0000000,0x00000000d92bc350,0x00000000d9c00000)
 Metaspace       used 104345K, committed 105728K, reserved 1179648K
  class space    used 9930K, committed 10560K, reserved 1048576K
}
Event: 19178.253 GC heap after
{Heap after GC invocations=18953 (full 345):
 PSYoungGen      total 5632K, used 1188K [0x00000000eab00000, 0x00000000eb600000, 0x0000000100000000)
  eden space 4096K, 0% used [0x00000000eab00000,0x00000000eab00000,0x00000000eaf00000)
  from space 1536K, 77% used [0x00000000eb480000,0x00000000eb5a9210,0x00000000eb600000)
  to   space 1536K, 0% used [0x00000000eb300000,0x00000000eb300000,0x00000000eb480000)
 ParOldGen       total 421888K, used 412729K [0x00000000c0000000, 0x00000000d9c00000, 0x00000000eab00000)
  object space 421888K, 97% used [0x00000000c0000000,0x00000000d930e628,0x00000000d9c00000)
 Metaspace       used 104345K, committed 105728K, reserved 1179648K
  class space    used 9930K, committed 10560K, reserved 1048576K
}
Event: 19178.268 GC heap before
{Heap before GC invocations=18954 (full 345):
 PSYoungGen      total 5632K, used 5284K [0x00000000eab00000, 0x00000000eb600000, 0x0000000100000000)
  eden space 4096K, 100% used [0x00000000eab00000,0x00000000eaf00000,0x00000000eaf00000)
  from space 1536K, 77% used [0x00000000eb480000,0x00000000eb5a9210,0x00000000eb600000)
  to   space 1536K, 0% used [0x00000000eb300000,0x00000000eb300000,0x00000000eb480000)
 ParOldGen       total 421888K, used 412729K [0x00000000c0000000, 0x00000000d9c00000, 0x00000000eab00000)
  object space 421888K, 97% used [0x00000000c0000000,0x00000000d930e628,0x00000000d9c00000)
 Metaspace       used 104345K, committed 105728K, reserved 1179648K
  class space    used 9930K, committed 10560K, reserved 1048576K
}
Event: 19178.272 GC heap after
{Heap after GC invocations=18954 (full 345):
 PSYoungGen      total 5120K, used 836K [0x00000000eab00000, 0x00000000eb500000, 0x0000000100000000)
  eden space 4096K, 0% used [0x00000000eab00000,0x00000000eab00000,0x00000000eaf00000)
  from space 1024K, 81% used [0x00000000eb300000,0x00000000eb3d1210,0x00000000eb400000)
  to   space 1024K, 0% used [0x00000000eb400000,0x00000000eb400000,0x00000000eb500000)
 ParOldGen       total 421888K, used 412985K [0x00000000c0000000, 0x00000000d9c00000, 0x00000000eab00000)
  object space 421888K, 97% used [0x00000000c0000000,0x00000000d934e628,0x00000000d9c00000)
 Metaspace       used 104345K, committed 105728K, reserved 1179648K
  class space    used 9930K, committed 10560K, reserved 1048576K
}
Event: 19178.309 GC heap before
{Heap before GC invocations=18955 (full 345):
 PSYoungGen      total 5120K, used 4932K [0x00000000eab00000, 0x00000000eb500000, 0x0000000100000000)
  eden space 4096K, 100% used [0x00000000eab00000,0x00000000eaf00000,0x00000000eaf00000)
  from space 1024K, 81% used [0x00000000eb300000,0x00000000eb3d1210,0x00000000eb400000)
  to   space 1024K, 0% used [0x00000000eb400000,0x00000000eb400000,0x00000000eb500000)
 ParOldGen       total 421888K, used 412985K [0x00000000c0000000, 0x00000000d9c00000, 0x00000000eab00000)
  object space 421888K, 97% used [0x00000000c0000000,0x00000000d934e628,0x00000000d9c00000)
 Metaspace       used 104345K, committed 105728K, reserved 1179648K
  class space    used 9930K, committed 10560K, reserved 1048576K
}
Event: 19178.312 GC heap after
{Heap after GC invocations=18955 (full 345):
 PSYoungGen      total 5120K, used 874K [0x00000000eab00000, 0x00000000eb500000, 0x0000000100000000)
  eden space 4096K, 0% used [0x00000000eab00000,0x00000000eab00000,0x00000000eaf00000)
  from space 1024K, 85% used [0x00000000eb400000,0x00000000eb4da910,0x00000000eb500000)
  to   space 1024K, 0% used [0x00000000eb300000,0x00000000eb300000,0x00000000eb400000)
 ParOldGen       total 421888K, used 413734K [0x00000000c0000000, 0x00000000d9c00000, 0x00000000eab00000)
  object space 421888K, 98% used [0x00000000c0000000,0x00000000d9409b70,0x00000000d9c00000)
 Metaspace       used 104345K, committed 105728K, reserved 1179648K
  class space    used 9930K, committed 10560K, reserved 1048576K
}
Event: 19178.406 GC heap before
{Heap before GC invocations=18956 (full 345):
 PSYoungGen      total 5120K, used 4970K [0x00000000eab00000, 0x00000000eb500000, 0x0000000100000000)
  eden space 4096K, 100% used [0x00000000eab00000,0x00000000eaf00000,0x00000000eaf00000)
  from space 1024K, 85% used [0x00000000eb400000,0x00000000eb4da910,0x00000000eb500000)
  to   space 1024K, 0% used [0x00000000eb300000,0x00000000eb300000,0x00000000eb400000)
 ParOldGen       total 421888K, used 413734K [0x00000000c0000000, 0x00000000d9c00000, 0x00000000eab00000)
  object space 421888K, 98% used [0x00000000c0000000,0x00000000d9409b70,0x00000000d9c00000)
 Metaspace       used 104345K, committed 105728K, reserved 1179648K
  class space    used 9930K, committed 10560K, reserved 1048576K
}
Event: 19178.411 GC heap after
{Heap after GC invocations=18956 (full 345):
 PSYoungGen      total 5120K, used 1018K [0x00000000eab00000, 0x00000000eb480000, 0x0000000100000000)
  eden space 4096K, 0% used [0x00000000eab00000,0x00000000eab00000,0x00000000eaf00000)
  from space 1024K, 99% used [0x00000000eb300000,0x00000000eb3fe900,0x00000000eb400000)
  to   space 512K, 0% used [0x00000000eb400000,0x00000000eb400000,0x00000000eb480000)
 ParOldGen       total 421888K, used 414600K [0x00000000c0000000, 0x00000000d9c00000, 0x00000000eab00000)
  object space 421888K, 98% used [0x00000000c0000000,0x00000000d94e20a8,0x00000000d9c00000)
 Metaspace       used 104345K, committed 105728K, reserved 1179648K
  class space    used 9930K, committed 10560K, reserved 1048576K
}
Event: 19178.744 GC heap before
{Heap before GC invocations=18957 (full 345):
 PSYoungGen      total 5120K, used 3769K [0x00000000eab00000, 0x00000000eb480000, 0x0000000100000000)
  eden space 4096K, 67% used [0x00000000eab00000,0x00000000eadafe10,0x00000000eaf00000)
  from space 1024K, 99% used [0x00000000eb300000,0x00000000eb3fe900,0x00000000eb400000)
  to   space 512K, 0% used [0x00000000eb400000,0x00000000eb400000,0x00000000eb480000)
 ParOldGen       total 421888K, used 414600K [0x00000000c0000000, 0x00000000d9c00000, 0x00000000eab00000)
  object space 421888K, 98% used [0x00000000c0000000,0x00000000d94e20a8,0x00000000d9c00000)
 Metaspace       used 104345K, committed 105728K, reserved 1179648K
  class space    used 9930K, committed 10560K, reserved 1048576K
}
Event: 19178.748 GC heap after
{Heap after GC invocations=18957 (full 345):
 PSYoungGen      total 4608K, used 416K [0x00000000eab00000, 0x00000000eb480000, 0x0000000100000000)
  eden space 4096K, 0% used [0x00000000eab00000,0x00000000eab00000,0x00000000eaf00000)
  from space 512K, 81% used [0x00000000eb400000,0x00000000eb468000,0x00000000eb480000)
  to   space 1024K, 0% used [0x00000000eb280000,0x00000000eb280000,0x00000000eb380000)
 ParOldGen       total 421888K, used 415612K [0x00000000c0000000, 0x00000000d9c00000, 0x00000000eab00000)
  object space 421888K, 98% used [0x00000000c0000000,0x00000000d95df1f0,0x00000000d9c00000)
 Metaspace       used 104345K, committed 105728K, reserved 1179648K
  class space    used 9930K, committed 10560K, reserved 1048576K
}
Event: 19178.760 GC heap before
{Heap before GC invocations=18958 (full 345):
 PSYoungGen      total 4608K, used 4472K [0x00000000eab00000, 0x00000000eb480000, 0x0000000100000000)
  eden space 4096K, 99% used [0x00000000eab00000,0x00000000eaef62e8,0x00000000eaf00000)
  from space 512K, 81% used [0x00000000eb400000,0x00000000eb468000,0x00000000eb480000)
  to   space 1024K, 0% used [0x00000000eb280000,0x00000000eb280000,0x00000000eb380000)
 ParOldGen       total 421888K, used 415612K [0x00000000c0000000, 0x00000000d9c00000, 0x00000000eab00000)
  object space 421888K, 98% used [0x00000000c0000000,0x00000000d95df1f0,0x00000000d9c00000)
 Metaspace       used 104345K, committed 105728K, reserved 1179648K
  class space    used 9930K, committed 10560K, reserved 1048576K
}
Event: 19178.762 GC heap after
{Heap after GC invocations=18958 (full 345):
 PSYoungGen      total 5120K, used 341K [0x00000000eab00000, 0x00000000eb480000, 0x0000000100000000)
  eden space 4096K, 0% used [0x00000000eab00000,0x00000000eab00000,0x00000000eaf00000)
  from space 1024K, 33% used [0x00000000eb280000,0x00000000eb2d5608,0x00000000eb380000)
  to   space 512K, 0% used [0x00000000eb400000,0x00000000eb400000,0x00000000eb480000)
 ParOldGen       total 421888K, used 417435K [0x00000000c0000000, 0x00000000d9c00000, 0x00000000eab00000)
  object space 421888K, 98% used [0x00000000c0000000,0x00000000d97a6e40,0x00000000d9c00000)
 Metaspace       used 104345K, committed 105728K, reserved 1179648K
  class space    used 9930K, committed 10560K, reserved 1048576K
}
Event: 19178.774 GC heap before
{Heap before GC invocations=18959 (full 345):
 PSYoungGen      total 5120K, used 3550K [0x00000000eab00000, 0x00000000eb480000, 0x0000000100000000)
  eden space 4096K, 78% used [0x00000000eab00000,0x00000000eae22300,0x00000000eaf00000)
  from space 1024K, 33% used [0x00000000eb280000,0x00000000eb2d5608,0x00000000eb380000)
  to   space 512K, 0% used [0x00000000eb400000,0x00000000eb400000,0x00000000eb480000)
 ParOldGen       total 421888K, used 417435K [0x00000000c0000000, 0x00000000d9c00000, 0x00000000eab00000)
  object space 421888K, 98% used [0x00000000c0000000,0x00000000d97a6e40,0x00000000d9c00000)
 Metaspace       used 104345K, committed 105728K, reserved 1179648K
  class space    used 9930K, committed 10560K, reserved 1048576K
}
Event: 19178.776 GC heap after
{Heap after GC invocations=18959 (full 345):
 PSYoungGen      total 4608K, used 96K [0x00000000eab00000, 0x00000000eb480000, 0x0000000100000000)
  eden space 4096K, 0% used [0x00000000eab00000,0x00000000eab00000,0x00000000eaf00000)
  from space 512K, 18% used [0x00000000eb400000,0x00000000eb418000,0x00000000eb480000)
  to   space 512K, 0% used [0x00000000eb380000,0x00000000eb380000,0x00000000eb400000)
 ParOldGen       total 421888K, used 417443K [0x00000000c0000000, 0x00000000d9c00000, 0x00000000eab00000)
  object space 421888K, 98% used [0x00000000c0000000,0x00000000d97a8e40,0x00000000d9c00000)
 Metaspace       used 104345K, committed 105728K, reserved 1179648K
  class space    used 9930K, committed 10560K, reserved 1048576K
}
Event: 19178.978 GC heap before
{Heap before GC invocations=18960 (full 345):
 PSYoungGen      total 4608K, used 4192K [0x00000000eab00000, 0x00000000eb480000, 0x0000000100000000)
  eden space 4096K, 100% used [0x00000000eab00000,0x00000000eaf00000,0x00000000eaf00000)
  from space 512K, 18% used [0x00000000eb400000,0x00000000eb418000,0x00000000eb480000)
  to   space 512K, 0% used [0x00000000eb380000,0x00000000eb380000,0x00000000eb400000)
 ParOldGen       total 421888K, used 417443K [0x00000000c0000000, 0x00000000d9c00000, 0x00000000eab00000)
  object space 421888K, 98% used [0x00000000c0000000,0x00000000d97a8e40,0x00000000d9c00000)
 Metaspace       used 104345K, committed 105728K, reserved 1179648K
  class space    used 9930K, committed 10560K, reserved 1048576K
}
Event: 19178.982 GC heap after
{Heap after GC invocations=18960 (full 345):
 PSYoungGen      total 4608K, used 504K [0x00000000eab00000, 0x00000000eb480000, 0x0000000100000000)
  eden space 4096K, 0% used [0x00000000eab00000,0x00000000eab00000,0x00000000eaf00000)
  from space 512K, 98% used [0x00000000eb380000,0x00000000eb3fe238,0x00000000eb400000)
  to   space 512K, 0% used [0x00000000eb400000,0x00000000eb400000,0x00000000eb480000)
 ParOldGen       total 421888K, used 417857K [0x00000000c0000000, 0x00000000d9c00000, 0x00000000eab00000)
  object space 421888K, 99% used [0x00000000c0000000,0x00000000d9810758,0x00000000d9c00000)
 Metaspace       used 104345K, committed 105728K, reserved 1179648K
  class space    used 9930K, committed 10560K, reserved 1048576K
}
Event: 19179.003 GC heap before
{Heap before GC invocations=18961 (full 345):
 PSYoungGen      total 4608K, used 4600K [0x00000000eab00000, 0x00000000eb480000, 0x0000000100000000)
  eden space 4096K, 100% used [0x00000000eab00000,0x00000000eaf00000,0x00000000eaf00000)
  from space 512K, 98% used [0x00000000eb380000,0x00000000eb3fe238,0x00000000eb400000)
  to   space 512K, 0% used [0x00000000eb400000,0x00000000eb400000,0x00000000eb480000)
 ParOldGen       total 421888K, used 417857K [0x00000000c0000000, 0x00000000d9c00000, 0x00000000eab00000)
  object space 421888K, 99% used [0x00000000c0000000,0x00000000d9810758,0x00000000d9c00000)
 Metaspace       used 104345K, committed 105728K, reserved 1179648K
  class space    used 9930K, committed 10560K, reserved 1048576K
}
Event: 19179.011 GC heap after
{Heap after GC invocations=18961 (full 345):
 PSYoungGen      total 4096K, used 512K [0x00000000eab00000, 0x00000000eba00000, 0x0000000100000000)
  eden space 3584K, 0% used [0x00000000eab00000,0x00000000eab00000,0x00000000eae80000)
  from space 512K, 100% used [0x00000000eb400000,0x00000000eb480000,0x00000000eb480000)
  to   space 5632K, 0% used [0x00000000eae80000,0x00000000eae80000,0x00000000eb400000)
 ParOldGen       total 422400K, used 421964K [0x00000000c0000000, 0x00000000d9c80000, 0x00000000eab00000)
  object space 422400K, 99% used [0x00000000c0000000,0x00000000d9c13290,0x00000000d9c80000)
 Metaspace       used 104345K, committed 105728K, reserved 1179648K
  class space    used 9930K, committed 10560K, reserved 1048576K
}
Event: 19179.011 GC heap before
{Heap before GC invocations=18962 (full 346):
 PSYoungGen      total 4096K, used 512K [0x00000000eab00000, 0x00000000eba00000, 0x0000000100000000)
  eden space 3584K, 0% used [0x00000000eab00000,0x00000000eab00000,0x00000000eae80000)
  from space 512K, 100% used [0x00000000eb400000,0x00000000eb480000,0x00000000eb480000)
  to   space 5632K, 0% used [0x00000000eae80000,0x00000000eae80000,0x00000000eb400000)
 ParOldGen       total 422400K, used 421964K [0x00000000c0000000, 0x00000000d9c80000, 0x00000000eab00000)
  object space 422400K, 99% used [0x00000000c0000000,0x00000000d9c13290,0x00000000d9c80000)
 Metaspace       used 104345K, committed 105728K, reserved 1179648K
  class space    used 9930K, committed 10560K, reserved 1048576K
}

Dll operation events (12 events):
Event: 0.021 Loaded shared library c:\Users\Nekena\.vscode\extensions\redhat.java-1.31.0-win32-x64\jre\17.0.11-win32-x86_64\bin\java.dll
Event: 0.251 Loaded shared library c:\Users\Nekena\.vscode\extensions\redhat.java-1.31.0-win32-x64\jre\17.0.11-win32-x86_64\bin\zip.dll
Event: 0.257 Loaded shared library C:\Users\Nekena\.vscode\extensions\redhat.java-1.31.0-win32-x64\jre\17.0.11-win32-x86_64\bin\instrument.dll
Event: 0.276 Loaded shared library C:\Users\Nekena\.vscode\extensions\redhat.java-1.31.0-win32-x64\jre\17.0.11-win32-x86_64\bin\net.dll
Event: 0.280 Loaded shared library C:\Users\Nekena\.vscode\extensions\redhat.java-1.31.0-win32-x64\jre\17.0.11-win32-x86_64\bin\nio.dll
Event: 0.288 Loaded shared library C:\Users\Nekena\.vscode\extensions\redhat.java-1.31.0-win32-x64\jre\17.0.11-win32-x86_64\bin\zip.dll
Event: 0.316 Loaded shared library C:\Users\Nekena\.vscode\extensions\redhat.java-1.31.0-win32-x64\jre\17.0.11-win32-x86_64\bin\jimage.dll
Event: 0.491 Loaded shared library c:\Users\Nekena\.vscode\extensions\redhat.java-1.31.0-win32-x64\jre\17.0.11-win32-x86_64\bin\verify.dll
Event: 2.778 Loaded shared library C:\Users\Nekena\AppData\Roaming\Code\User\globalStorage\redhat.java\1.31.0\config_win\org.eclipse.equinox.launcher\org.eclipse.equinox.launcher.win32.win32.x86_64_1.2.1000.v20240507-1834\eclipse_11902.dll
Event: 7.892 Loaded shared library C:\Users\Nekena\AppData\Local\Temp\jna--1965329692\jna9525094477789762300.dll
Event: 6032.488 Loaded shared library C:\Users\Nekena\.vscode\extensions\redhat.java-1.31.0-win32-x64\jre\17.0.11-win32-x86_64\bin\sunmscapi.dll
Event: 6033.894 Loaded shared library C:\Users\Nekena\.vscode\extensions\redhat.java-1.31.0-win32-x64\jre\17.0.11-win32-x86_64\bin\extnet.dll

Deoptimization events (20 events):
Event: 11349.818 Thread 0x000002205a57b420 Uncommon trap: trap_request=0xffffffc6 fr.pc=0x000002204ae26cb0 relative=0x0000000000000090
Event: 11349.818 Thread 0x000002205a57b420 Uncommon trap: reason=bimorphic_or_optimized_type_check action=maybe_recompile pc=0x000002204ae26cb0 method=org.eclipse.jdt.internal.corext.refactoring.code.flow.FlowAnalyzer.skipNode(Lorg/eclipse/jdt/core/dom/ASTNode;)Z @ 2 c2
Event: 11349.818 Thread 0x000002205a57b420 DEOPT PACKING pc=0x000002204ae26cb0 sp=0x000000d648afe110
Event: 11349.818 Thread 0x000002205a57b420 DEOPT UNPACKING pc=0x00000220496f66a3 sp=0x000000d648afe0a8 mode 2
Event: 11354.320 Thread 0x000002205a57b420 Uncommon trap: trap_request=0xffffff76 fr.pc=0x000002204ad32fd0 relative=0x0000000000000430
Event: 11354.320 Thread 0x000002205a57b420 Uncommon trap: reason=predicate action=maybe_recompile pc=0x000002204ad32fd0 method=java.util.ComparableTimSort.binarySort([Ljava/lang/Object;III)V @ 34 c2
Event: 11354.321 Thread 0x000002205a57b420 DEOPT PACKING pc=0x000002204ad32fd0 sp=0x000000d648afdd60
Event: 11354.321 Thread 0x000002205a57b420 DEOPT UNPACKING pc=0x00000220496f66a3 sp=0x000000d648afdd08 mode 2
Event: 11355.049 Thread 0x000002205a57b420 DEOPT PACKING pc=0x0000022044f47561 sp=0x000000d648afe3f0
Event: 11355.049 Thread 0x000002205a57b420 DEOPT UNPACKING pc=0x00000220496f6e43 sp=0x000000d648afd8d8 mode 0
Event: 11355.734 Thread 0x000002205a57b420 Uncommon trap: trap_request=0xffffffde fr.pc=0x000002204bc84364 relative=0x0000000000000dc4
Event: 11355.734 Thread 0x000002205a57b420 Uncommon trap: reason=class_check action=maybe_recompile pc=0x000002204bc84364 method=org.eclipse.jdt.internal.core.BinaryMethod.equals(Ljava/lang/Object;)Z @ 1 c2
Event: 11355.734 Thread 0x000002205a57b420 DEOPT PACKING pc=0x000002204bc84364 sp=0x000000d648afe090
Event: 11355.734 Thread 0x000002205a57b420 DEOPT UNPACKING pc=0x00000220496f66a3 sp=0x000000d648afe078 mode 2
Event: 11355.734 Thread 0x000002205a57b420 Uncommon trap: trap_request=0xffffffde fr.pc=0x000002204bc84364 relative=0x0000000000000dc4
Event: 11355.734 Thread 0x000002205a57b420 Uncommon trap: reason=class_check action=maybe_recompile pc=0x000002204bc84364 method=org.eclipse.jdt.internal.core.BinaryMethod.equals(Ljava/lang/Object;)Z @ 1 c2
Event: 11355.734 Thread 0x000002205a57b420 DEOPT PACKING pc=0x000002204bc84364 sp=0x000000d648afdee0
Event: 11355.734 Thread 0x000002205a57b420 DEOPT UNPACKING pc=0x00000220496f66a3 sp=0x000000d648afdec8 mode 2
Event: 11405.366 Thread 0x0000022059da05b0 DEOPT PACKING pc=0x0000022043b72cd2 sp=0x000000d6492ff040
Event: 11405.366 Thread 0x0000022059da05b0 DEOPT UNPACKING pc=0x00000220496f6e43 sp=0x000000d6492fe578 mode 0

Classes unloaded (20 events):
Event: 19179.238 Thread 0x0000022053aac910 Unloading class 0x0000000100314400 'jdk/internal/reflect/GeneratedMethodAccessor103'
Event: 19179.238 Thread 0x0000022053aac910 Unloading class 0x0000000100666400 'jdk/internal/reflect/GeneratedMethodAccessor102'
Event: 19179.238 Thread 0x0000022053aac910 Unloading class 0x0000000100668400 'jdk/internal/reflect/GeneratedMethodAccessor101'
Event: 19179.238 Thread 0x0000022053aac910 Unloading class 0x0000000100820400 'jdk/internal/reflect/GeneratedMethodAccessor100'
Event: 19179.238 Thread 0x0000022053aac910 Unloading class 0x0000000100828c00 'jdk/internal/reflect/GeneratedMethodAccessor99'
Event: 19179.238 Thread 0x0000022053aac910 Unloading class 0x0000000100898400 'jdk/internal/reflect/GeneratedMethodAccessor98'
Event: 19179.238 Thread 0x0000022053aac910 Unloading class 0x000000010089a000 'jdk/internal/reflect/GeneratedMethodAccessor97'
Event: 19179.238 Thread 0x0000022053aac910 Unloading class 0x000000010089b400 'jdk/internal/reflect/GeneratedMethodAccessor96'
Event: 19179.238 Thread 0x0000022053aac910 Unloading class 0x00000001009ac800 'jdk/internal/reflect/GeneratedMethodAccessor94'
Event: 19179.238 Thread 0x0000022053aac910 Unloading class 0x0000000100a00c00 'jdk/internal/reflect/GeneratedMethodAccessor93'
Event: 19179.238 Thread 0x0000022053aac910 Unloading class 0x0000000100199800 'jdk/internal/reflect/GeneratedMethodAccessor92'
Event: 19179.238 Thread 0x0000022053aac910 Unloading class 0x000000010019a000 'jdk/internal/reflect/GeneratedMethodAccessor91'
Event: 19179.238 Thread 0x0000022053aac910 Unloading class 0x0000000100a20000 'jdk/internal/reflect/GeneratedMethodAccessor90'
Event: 19179.238 Thread 0x0000022053aac910 Unloading class 0x0000000100a22400 'jdk/internal/reflect/GeneratedConstructorAccessor92'
Event: 19179.238 Thread 0x0000022053aac910 Unloading class 0x00000001009c0400 'jdk/internal/reflect/GeneratedConstructorAccessor91'
Event: 19179.238 Thread 0x0000022053aac910 Unloading class 0x0000000100279800 'jdk/internal/reflect/GeneratedConstructorAccessor90'
Event: 19179.238 Thread 0x0000022053aac910 Unloading class 0x0000000100a12000 'jdk/internal/reflect/GeneratedConstructorAccessor89'
Event: 19179.238 Thread 0x0000022053aac910 Unloading class 0x0000000100a10c00 'jdk/internal/reflect/GeneratedConstructorAccessor88'
Event: 19179.238 Thread 0x0000022053aac910 Unloading class 0x0000000100a29c00 'jdk/internal/reflect/GeneratedConstructorAccessor87'
Event: 19179.238 Thread 0x0000022053aac910 Unloading class 0x0000000100a31000 'jdk/internal/reflect/GeneratedMethodAccessor89'

Classes redefined (0 events):
No events

Internal exceptions (20 events):
Event: 11417.874 Thread 0x000002205a57e1b0 Exception <a 'sun/nio/fs/WindowsException'{0x00000000ead7b120}> (0x00000000ead7b120) 
thrown [s\src\hotspot\share\prims\jni.cpp, line 516]
Event: 11417.875 Thread 0x000002205a57e1b0 Exception <a 'sun/nio/fs/WindowsException'{0x00000000ead7e4e8}> (0x00000000ead7e4e8) 
thrown [s\src\hotspot\share\prims\jni.cpp, line 516]
Event: 11423.431 Thread 0x000002205a57c350 Exception <a 'sun/nio/fs/WindowsException'{0x00000000eae7bcd8}> (0x00000000eae7bcd8) 
thrown [s\src\hotspot\share\prims\jni.cpp, line 516]
Event: 11423.432 Thread 0x000002205a57c350 Exception <a 'sun/nio/fs/WindowsException'{0x00000000eae826f0}> (0x00000000eae826f0) 
thrown [s\src\hotspot\share\prims\jni.cpp, line 516]
Event: 11423.435 Thread 0x000002205a57c350 Exception <a 'sun/nio/fs/WindowsException'{0x00000000eae87e38}> (0x00000000eae87e38) 
thrown [s\src\hotspot\share\prims\jni.cpp, line 516]
Event: 11423.437 Thread 0x000002205a57c350 Exception <a 'sun/nio/fs/WindowsException'{0x00000000eae8afa8}> (0x00000000eae8afa8) 
thrown [s\src\hotspot\share\prims\jni.cpp, line 516]
Event: 11427.910 Thread 0x000002205a57d790 Exception <a 'sun/nio/fs/WindowsException'{0x00000000eaf93f18}> (0x00000000eaf93f18) 
thrown [s\src\hotspot\share\prims\jni.cpp, line 516]
Event: 11427.911 Thread 0x000002205a57d790 Exception <a 'sun/nio/fs/WindowsException'{0x00000000eaf9a930}> (0x00000000eaf9a930) 
thrown [s\src\hotspot\share\prims\jni.cpp, line 516]
Event: 11427.913 Thread 0x000002205a57d790 Exception <a 'sun/nio/fs/WindowsException'{0x00000000eaf9ff58}> (0x00000000eaf9ff58) 
thrown [s\src\hotspot\share\prims\jni.cpp, line 516]
Event: 11427.914 Thread 0x000002205a57d790 Exception <a 'sun/nio/fs/WindowsException'{0x00000000eafa30c8}> (0x00000000eafa30c8) 
thrown [s\src\hotspot\share\prims\jni.cpp, line 516]
Event: 11437.111 Thread 0x000002205a57d790 Exception <a 'sun/nio/fs/WindowsException'{0x00000000eae58088}> (0x00000000eae58088) 
thrown [s\src\hotspot\share\prims\jni.cpp, line 516]
Event: 11437.113 Thread 0x000002205a57d790 Exception <a 'sun/nio/fs/WindowsException'{0x00000000eae5ecf8}> (0x00000000eae5ecf8) 
thrown [s\src\hotspot\share\prims\jni.cpp, line 516]
Event: 11437.115 Thread 0x000002205a57d790 Exception <a 'sun/nio/fs/WindowsException'{0x00000000eae64338}> (0x00000000eae64338) 
thrown [s\src\hotspot\share\prims\jni.cpp, line 516]
Event: 11437.117 Thread 0x000002205a57d790 Exception <a 'sun/nio/fs/WindowsException'{0x00000000eae674a8}> (0x00000000eae674a8) 
thrown [s\src\hotspot\share\prims\jni.cpp, line 516]
Event: 11442.451 Thread 0x000002205a57be40 Exception <a 'sun/nio/fs/WindowsException'{0x00000000eaddf680}> (0x00000000eaddf680) 
thrown [s\src\hotspot\share\prims\jni.cpp, line 516]
Event: 11442.453 Thread 0x000002205a57be40 Exception <a 'sun/nio/fs/WindowsException'{0x00000000eade6098}> (0x00000000eade6098) 
thrown [s\src\hotspot\share\prims\jni.cpp, line 516]
Event: 11442.455 Thread 0x000002205a57be40 Exception <a 'sun/nio/fs/WindowsException'{0x00000000eadeb798}> (0x00000000eadeb798) 
thrown [s\src\hotspot\share\prims\jni.cpp, line 516]
Event: 11442.456 Thread 0x000002205a57be40 Exception <a 'sun/nio/fs/WindowsException'{0x00000000eadee908}> (0x00000000eadee908) 
thrown [s\src\hotspot\share\prims\jni.cpp, line 516]
Event: 11685.397 Thread 0x000002205a57c350 Exception <a 'sun/nio/fs/WindowsException'{0x00000000ead30698}> (0x00000000ead30698) 
thrown [s\src\hotspot\share\prims\jni.cpp, line 516]
Event: 11685.397 Thread 0x000002205a57c350 Exception <a 'sun/nio/fs/WindowsException'{0x00000000ead30f78}> (0x00000000ead30f78) 
thrown [s\src\hotspot\share\prims\jni.cpp, line 516]

VM Operations (20 events):
Event: 19178.205 Executing VM operation: ParallelGCFailedAllocation done
Event: 19178.227 Executing VM operation: ParallelGCFailedAllocation
Event: 19178.231 Executing VM operation: ParallelGCFailedAllocation done
Event: 19178.249 Executing VM operation: ParallelGCFailedAllocation
Event: 19178.253 Executing VM operation: ParallelGCFailedAllocation done
Event: 19178.268 Executing VM operation: ParallelGCFailedAllocation
Event: 19178.284 Executing VM operation: ParallelGCFailedAllocation done
Event: 19178.299 Executing VM operation: ParallelGCFailedAllocation
Event: 19178.321 Executing VM operation: ParallelGCFailedAllocation done
Event: 19178.406 Executing VM operation: ParallelGCFailedAllocation
Event: 19178.411 Executing VM operation: ParallelGCFailedAllocation done
Event: 19178.743 Executing VM operation: ParallelGCFailedAllocation
Event: 19178.748 Executing VM operation: ParallelGCFailedAllocation done
Event: 19178.760 Executing VM operation: ParallelGCFailedAllocation
Event: 19178.762 Executing VM operation: ParallelGCFailedAllocation done
Event: 19178.773 Executing VM operation: ParallelGCFailedAllocation
Event: 19178.776 Executing VM operation: ParallelGCFailedAllocation done
Event: 19178.978 Executing VM operation: ParallelGCFailedAllocation
Event: 19178.982 Executing VM operation: ParallelGCFailedAllocation done
Event: 19179.003 Executing VM operation: ParallelGCFailedAllocation

Events (20 events):
Event: 11432.705 Thread 0x000002205a57f0e0 Thread added: 0x000002205a57f0e0
Event: 11507.836 Thread 0x000002205a580a30 Thread exited: 0x000002205a580a30
Event: 11521.668 Thread 0x000002205a57be40 Thread exited: 0x000002205a57be40
Event: 11524.969 Thread 0x000002205a57d790 Thread exited: 0x000002205a57d790
Event: 11567.848 Thread 0x000002205a580f40 Thread exited: 0x000002205a580f40
Event: 11682.396 Thread 0x000002205a579ad0 Thread exited: 0x000002205a579ad0
Event: 11685.398 Thread 0x000002205a57aa00 Thread added: 0x000002205a57aa00
Event: 11685.398 Thread 0x000002205a57f5f0 Thread added: 0x000002205a57f5f0
Event: 11685.398 Thread 0x000002205a57fb00 Thread added: 0x000002205a57fb00
Event: 11685.398 Thread 0x000002205a57f5f0 Thread exited: 0x000002205a57f5f0
Event: 11685.398 Thread 0x000002205a57aa00 Thread exited: 0x000002205a57aa00
Event: 11685.398 Thread 0x000002205a57fb00 Thread exited: 0x000002205a57fb00
Event: 11742.396 Thread 0x000002205a57a4f0 Thread exited: 0x000002205a57a4f0
Event: 11802.407 Thread 0x000002205a57f0e0 Thread exited: 0x000002205a57f0e0
Event: 11862.413 Thread 0x000002205a57b420 Thread exited: 0x000002205a57b420
Event: 11922.415 Thread 0x000002205a580010 Thread exited: 0x000002205a580010
Event: 11982.416 Thread 0x000002205a57ebd0 Thread exited: 0x000002205a57ebd0
Event: 19165.887 Thread 0x000002205a57ebd0 Thread added: 0x000002205a57ebd0
Event: 19165.918 Thread 0x000002205a579fe0 Thread added: 0x000002205a579fe0
Event: 19166.017 Thread 0x000002205a57f0e0 Thread added: 0x000002205a57f0e0


Dynamic libraries:
0x00007ff713150000 - 0x00007ff71315e000 	c:\Users\Nekena\.vscode\extensions\redhat.java-1.31.0-win32-x64\jre\17.0.11-win32-x86_64\bin\java.exe
0x00007ff9e8e50000 - 0x00007ff9e9048000 	C:\Windows\SYSTEM32\ntdll.dll
0x00007ff9e7630000 - 0x00007ff9e76ed000 	C:\Windows\System32\KERNEL32.DLL
0x00007ff9e69e0000 - 0x00007ff9e6cd6000 	C:\Windows\System32\KERNELBASE.dll
0x00007ff9e3b80000 - 0x00007ff9e3c10000 	C:\Windows\SYSTEM32\apphelp.dll
0x00007ff9e68e0000 - 0x00007ff9e69e0000 	C:\Windows\System32\ucrtbase.dll
0x00007ff9dcc60000 - 0x00007ff9dcc77000 	c:\Users\Nekena\.vscode\extensions\redhat.java-1.31.0-win32-x64\jre\17.0.11-win32-x86_64\bin\jli.dll
0x00007ff9e8b40000 - 0x00007ff9e8cdf000 	C:\Windows\System32\USER32.dll
0x00007ff9e6500000 - 0x00007ff9e6522000 	C:\Windows\System32\win32u.dll
0x00007ff9e8a40000 - 0x00007ff9e8a6b000 	C:\Windows\System32\GDI32.dll
0x00007ff9e6d60000 - 0x00007ff9e6e77000 	C:\Windows\System32\gdi32full.dll
0x00007ff9e6740000 - 0x00007ff9e67dd000 	C:\Windows\System32\msvcp_win.dll
0x00007ff9dcc40000 - 0x00007ff9dcc5b000 	c:\Users\Nekena\.vscode\extensions\redhat.java-1.31.0-win32-x64\jre\17.0.11-win32-x86_64\bin\VCRUNTIME140.dll
0x00007ff9d87b0000 - 0x00007ff9d8a4a000 	C:\Windows\WinSxS\amd64_microsoft.windows.common-controls_6595b64144ccf1df_6.0.19041.4355_none_60b8b9eb71f62e16\COMCTL32.dll
0x00007ff9e6f70000 - 0x00007ff9e700e000 	C:\Windows\System32\msvcrt.dll
0x00007ff9e6e80000 - 0x00007ff9e6eb2000 	C:\Windows\System32\IMM32.DLL
0x0000000077180000 - 0x000000007718c000 	C:\Program Files (x86)\360\Total Security\safemon\SafeWrapper.dll
0x00007ff9e7070000 - 0x00007ff9e7120000 	C:\Windows\System32\ADVAPI32.dll
0x00007ff9e7120000 - 0x00007ff9e71c0000 	C:\Windows\System32\sechost.dll
0x00007ff9e8ce0000 - 0x00007ff9e8e03000 	C:\Windows\System32\RPCRT4.dll
0x00007ff9e6ce0000 - 0x00007ff9e6d07000 	C:\Windows\System32\bcrypt.dll
0x00007ff9d2be0000 - 0x00007ff9d2c72000 	C:\Program Files (x86)\360\Total Security\safemon\libzdtp64.dll
0x00007ff9e77a0000 - 0x00007ff9e7f0b000 	C:\Windows\System32\SHELL32.dll
0x00007ff9e8410000 - 0x00007ff9e8465000 	C:\Windows\System32\SHLWAPI.dll
0x00007ff9e6220000 - 0x00007ff9e622a000 	C:\Windows\SYSTEM32\VERSION.dll
0x00007ff9dca90000 - 0x00007ff9dca9c000 	c:\Users\Nekena\.vscode\extensions\redhat.java-1.31.0-win32-x64\jre\17.0.11-win32-x86_64\bin\vcruntime140_1.dll
0x00007ff9d2b50000 - 0x00007ff9d2bdd000 	c:\Users\Nekena\.vscode\extensions\redhat.java-1.31.0-win32-x64\jre\17.0.11-win32-x86_64\bin\msvcp140.dll
0x00007ff9a5e00000 - 0x00007ff9a6a62000 	c:\Users\Nekena\.vscode\extensions\redhat.java-1.31.0-win32-x64\jre\17.0.11-win32-x86_64\bin\server\jvm.dll
0x00007ff9e61c0000 - 0x00007ff9e620b000 	C:\Windows\SYSTEM32\POWRPROF.dll
0x00007ff9d2910000 - 0x00007ff9d2919000 	C:\Windows\SYSTEM32\WSOCK32.dll
0x00007ff9e8740000 - 0x00007ff9e87ab000 	C:\Windows\System32\WS2_32.dll
0x00007ff9e1f10000 - 0x00007ff9e1f37000 	C:\Windows\SYSTEM32\WINMM.dll
0x00007ff9e61a0000 - 0x00007ff9e61b2000 	C:\Windows\SYSTEM32\UMPDC.dll
0x00007ff9e4310000 - 0x00007ff9e4322000 	C:\Windows\SYSTEM32\kernel.appcore.dll
0x00007ff9dca80000 - 0x00007ff9dca8a000 	c:\Users\Nekena\.vscode\extensions\redhat.java-1.31.0-win32-x64\jre\17.0.11-win32-x86_64\bin\jimage.dll
0x00007ff9cf0b0000 - 0x00007ff9cf294000 	C:\Windows\SYSTEM32\DBGHELP.DLL
0x00007ff9cf070000 - 0x00007ff9cf0a4000 	C:\Windows\SYSTEM32\dbgcore.DLL
0x00007ff9e67e0000 - 0x00007ff9e6862000 	C:\Windows\System32\bcryptPrimitives.dll
0x00007ff9dca70000 - 0x00007ff9dca7e000 	c:\Users\Nekena\.vscode\extensions\redhat.java-1.31.0-win32-x64\jre\17.0.11-win32-x86_64\bin\instrument.dll
0x00007ff9dc0a0000 - 0x00007ff9dc0c5000 	c:\Users\Nekena\.vscode\extensions\redhat.java-1.31.0-win32-x64\jre\17.0.11-win32-x86_64\bin\java.dll
0x00007ff9dc3e0000 - 0x00007ff9dc3f8000 	c:\Users\Nekena\.vscode\extensions\redhat.java-1.31.0-win32-x64\jre\17.0.11-win32-x86_64\bin\zip.dll
0x00007ff9e4510000 - 0x00007ff9e4cad000 	C:\Windows\SYSTEM32\windows.storage.dll
0x00007ff9e7f80000 - 0x00007ff9e82d3000 	C:\Windows\System32\combase.dll
0x00007ff9e5de0000 - 0x00007ff9e5e0e000 	C:\Windows\SYSTEM32\Wldp.dll
0x00007ff9e8a70000 - 0x00007ff9e8b3d000 	C:\Windows\System32\OLEAUT32.dll
0x00007ff9e6ec0000 - 0x00007ff9e6f6d000 	C:\Windows\System32\SHCORE.dll
0x00007ff9e6430000 - 0x00007ff9e6454000 	C:\Windows\SYSTEM32\profapi.dll
0x00007ff9dc080000 - 0x00007ff9dc099000 	C:\Users\Nekena\.vscode\extensions\redhat.java-1.31.0-win32-x64\jre\17.0.11-win32-x86_64\bin\net.dll
0x00007ff9dece0000 - 0x00007ff9dedea000 	C:\Windows\SYSTEM32\WINHTTP.dll
0x00007ff9e5b40000 - 0x00007ff9e5baa000 	C:\Windows\system32\mswsock.dll
0x00007ff9dc060000 - 0x00007ff9dc076000 	C:\Users\Nekena\.vscode\extensions\redhat.java-1.31.0-win32-x64\jre\17.0.11-win32-x86_64\bin\nio.dll
0x00007ff9dca60000 - 0x00007ff9dca70000 	c:\Users\Nekena\.vscode\extensions\redhat.java-1.31.0-win32-x64\jre\17.0.11-win32-x86_64\bin\verify.dll
0x00007ff9d48c0000 - 0x00007ff9d4904000 	C:\Users\Nekena\AppData\Roaming\Code\User\globalStorage\redhat.java\1.31.0\config_win\org.eclipse.equinox.launcher\org.eclipse.equinox.launcher.win32.win32.x86_64_1.2.1000.v20240507-1834\eclipse_11902.dll
0x00007ff9e8590000 - 0x00007ff9e86bb000 	C:\Windows\System32\ole32.dll
0x00007ff9e5d40000 - 0x00007ff9e5d58000 	C:\Windows\SYSTEM32\CRYPTSP.dll
0x00007ff9e5460000 - 0x00007ff9e5494000 	C:\Windows\system32\rsaenh.dll
0x00007ff9e63a0000 - 0x00007ff9e63ce000 	C:\Windows\SYSTEM32\USERENV.dll
0x00007ff9e5d30000 - 0x00007ff9e5d3c000 	C:\Windows\SYSTEM32\CRYPTBASE.dll
0x00007ff9e5820000 - 0x00007ff9e585b000 	C:\Windows\SYSTEM32\IPHLPAPI.DLL
0x00007ff9e83a0000 - 0x00007ff9e83a8000 	C:\Windows\System32\NSI.dll
0x00007ff9dfa70000 - 0x00007ff9dfa87000 	C:\Windows\SYSTEM32\dhcpcsvc6.DLL
0x00007ff9e0310000 - 0x00007ff9e032d000 	C:\Windows\SYSTEM32\dhcpcsvc.DLL
0x00007ff9e5860000 - 0x00007ff9e592b000 	C:\Windows\SYSTEM32\DNSAPI.dll
0x00007ff9d2aa0000 - 0x00007ff9d2ae5000 	C:\Users\Nekena\AppData\Local\Temp\jna--1965329692\jna9525094477789762300.dll
0x00007ff9e7f70000 - 0x00007ff9e7f78000 	C:\Windows\System32\PSAPI.DLL
0x00007ff9ddb20000 - 0x00007ff9ddb2e000 	C:\Users\Nekena\.vscode\extensions\redhat.java-1.31.0-win32-x64\jre\17.0.11-win32-x86_64\bin\sunmscapi.dll
0x00007ff9e65e0000 - 0x00007ff9e673e000 	C:\Windows\System32\CRYPT32.dll
0x00007ff9e5e50000 - 0x00007ff9e5e79000 	C:\Windows\SYSTEM32\ncrypt.dll
0x00007ff9e5e10000 - 0x00007ff9e5e4b000 	C:\Windows\SYSTEM32\NTASN1.dll
0x00007ff9d80c0000 - 0x00007ff9d80ca000 	C:\Windows\System32\rasadhlp.dll
0x00007ff9d8bc0000 - 0x00007ff9d8c40000 	C:\Windows\System32\fwpuclnt.dll
0x00007ff9ddb10000 - 0x00007ff9ddb19000 	C:\Users\Nekena\.vscode\extensions\redhat.java-1.31.0-win32-x64\jre\17.0.11-win32-x86_64\bin\extnet.dll

dbghelp: loaded successfully - version: 4.0.5 - missing functions: none
symbol engine: initialized successfully - sym options: 0x614 - pdb path: .;c:\Users\Nekena\.vscode\extensions\redhat.java-1.31.0-win32-x64\jre\17.0.11-win32-x86_64\bin;C:\Windows\SYSTEM32;C:\Windows\WinSxS\amd64_microsoft.windows.common-controls_6595b64144ccf1df_6.0.19041.4355_none_60b8b9eb71f62e16;C:\Program Files (x86)\360\Total Security\safemon;c:\Users\Nekena\.vscode\extensions\redhat.java-1.31.0-win32-x64\jre\17.0.11-win32-x86_64\bin\server;C:\Users\Nekena\AppData\Roaming\Code\User\globalStorage\redhat.java\1.31.0\config_win\org.eclipse.equinox.launcher\org.eclipse.equinox.launcher.win32.win32.x86_64_1.2.1000.v20240507-1834;C:\Users\Nekena\AppData\Local\Temp\jna--1965329692

VM Arguments:
jvm_args: --add-modules=ALL-SYSTEM --add-opens=java.base/java.util=ALL-UNNAMED --add-opens=java.base/java.lang=ALL-UNNAMED --add-opens=java.base/sun.nio.fs=ALL-UNNAMED -Declipse.application=org.eclipse.jdt.ls.core.id1 -Dosgi.bundles.defaultStartLevel=4 -Declipse.product=org.eclipse.jdt.ls.core.product -Djava.import.generatesMetadataFilesAtProjectRoot=false -DDetectVMInstallationsJob.disabled=true -Dfile.encoding=utf8 -XX:+UseParallelGC -XX:GCTimeRatio=4 -XX:AdaptiveSizePolicyWeight=90 -Dsun.zip.disableMemoryMapping=true -Xmx1G -Xms100m -Xlog:disable -javaagent:c:\Users\Nekena\.vscode\extensions\redhat.java-1.31.0-win32-x64\lombok\lombok-1.18.32.jar -XX:+HeapDumpOnOutOfMemoryError -XX:HeapDumpPath=c:\Users\Nekena\AppData\Roaming\Code\User\workspaceStorage\90686fb5aff7ba2a87b5ae9aeff639ff\redhat.java -Daether.dependencyCollector.impl=bf 
java_command: c:\Users\Nekena\.vscode\extensions\redhat.java-1.31.0-win32-x64\server\plugins\org.eclipse.equinox.launcher_1.6.800.v20240513-1750.jar -configuration c:\Users\Nekena\AppData\Roaming\Code\User\globalStorage\redhat.java\1.31.0\config_win -data c:\Users\Nekena\AppData\Roaming\Code\User\workspaceStorage\90686fb5aff7ba2a87b5ae9aeff639ff\redhat.java\jdt_ws --pipe=\\.\pipe\lsp-eb5d9673f3006c53781b6568c0f9b222-sock
java_class_path (initial): c:\Users\Nekena\.vscode\extensions\redhat.java-1.31.0-win32-x64\server\plugins\org.eclipse.equinox.launcher_1.6.800.v20240513-1750.jar
Launcher Type: SUN_STANDARD

[Global flags]
    uintx AdaptiveSizePolicyWeight                 = 90                                        {product} {command line}
     intx CICompilerCount                          = 3                                         {product} {ergonomic}
    uintx GCTimeRatio                              = 4                                         {product} {command line}
     bool HeapDumpOnOutOfMemoryError               = true                                   {manageable} {command line}
    ccstr HeapDumpPath                             = c:\Users\Nekena\AppData\Roaming\Code\User\workspaceStorage\90686fb5aff7ba2a87b5ae9aeff639ff\redhat.java         {manageable} {command line}
   size_t InitialHeapSize                          = 104857600                                 {product} {command line}
   size_t MaxHeapSize                              = 1073741824                                {product} {command line}
   size_t MaxNewSize                               = 357564416                                 {product} {ergonomic}
   size_t MinHeapDeltaBytes                        = 524288                                    {product} {ergonomic}
   size_t MinHeapSize                              = 104857600                                 {product} {command line}
   size_t NewSize                                  = 34603008                                  {product} {ergonomic}
    uintx NonNMethodCodeHeapSize                   = 5832780                                {pd product} {ergonomic}
    uintx NonProfiledCodeHeapSize                  = 122912730                              {pd product} {ergonomic}
   size_t OldSize                                  = 70254592                                  {product} {ergonomic}
    uintx ProfiledCodeHeapSize                     = 122912730                              {pd product} {ergonomic}
    uintx ReservedCodeCacheSize                    = 251658240                              {pd product} {ergonomic}
     bool SegmentedCodeCache                       = true                                      {product} {ergonomic}
   size_t SoftMaxHeapSize                          = 1073741824                             {manageable} {ergonomic}
     bool UseCompressedClassPointers               = true                           {product lp64_product} {ergonomic}
     bool UseCompressedOops                        = true                           {product lp64_product} {ergonomic}
     bool UseLargePagesIndividualAllocation        = false                                  {pd product} {ergonomic}
     bool UseParallelGC                            = true                                      {product} {command line}

Logging:
Log output configuration:
 #0: stdout all=off uptime,level,tags
 #1: stderr all=off uptime,level,tags

Environment Variables:
PATH=C:\Program Files\Google\Chrome\Application;C:\Program Files\Common Files\Oracle\Java\javapath;C:\Windows\system32;C:\Windows;C:\Windows\System32\Wbem;C:\Windows\System32\WindowsPowerShell\v1.0\;C:\Windows\System32\OpenSSH\;C:\TDM-GCC-64\bin;C:\Program Files\Java\jdk-19\bin;C:\Program Files\nodejs\;%MAVEN_HOME%\bin;C:\Users\Nekena\AppData\Local\Programs\Python\Python312\Scripts\;C:\Users\Nekena\AppData\Local\Programs\Python\Python312\;C:\Users\Nekena\AppData\Local\Microsoft\WindowsApps;C:\Users\Nekena\AppData\Local\GitHubDesktop\bin;C:\Users\Nekena\AppData\Local\Programs\Microsoft VS Code\bin;C:\Users\Nekena\AppData\Roaming\npm
USERNAME=Nekena
OS=Windows_NT
PROCESSOR_IDENTIFIER=Intel64 Family 6 Model 60 Stepping 3, GenuineIntel
TMP=C:\Users\Nekena\AppData\Local\Temp
TEMP=C:\Users\Nekena\AppData\Local\Temp



Periodic native trim disabled


---------------  S Y S T E M  ---------------

OS:
 Windows 10 , 64 bit Build 19041 (10.0.19041.3636)
OS uptime: 7 days 0:00 hours

CPU: total 4 (initial active 4) (2 cores per cpu, 2 threads per core) family 6 model 60 stepping 3 microcode 0x27, cx8, cmov, fxsr, ht, mmx, sse, sse2, sse3, ssse3, sse4.1, sse4.2, popcnt, lzcnt, tsc, tscinvbit, avx, avx2, aes, erms, clmul, bmi1, bmi2, fma, vzeroupper, clflush
Processor Information for all 4 processors :
  Max Mhz: 2801, Current Mhz: 2801, Mhz Limit: 2801

Memory: 4k page, system-wide physical 8081M (1502M free)
TotalPageFile size 12668M (AvailPageFile size 2457M)
current process WorkingSet (physical memory assigned to process): 655M, peak: 815M
current process commit charge ("private bytes"): 776M, peak: 817M

vm_info: OpenJDK 64-Bit Server VM (17.0.11+9) for windows-amd64 JRE (17.0.11+9), built on Apr 17 2024 06:07:48 by "admin" with MS VC++ 16.10 / 16.11 (VS2019)

END.
